#
# A fatal error has been detected by the Java Runtime Environment:
#
#  SIGSEGV (0xb) at pc=0x00007fa98c1e80ea, pid=8598, tid=8600
#
# JRE version: Java(TM) SE Runtime Environment (17.0.3.1+2) (build 17.0.3.1+2-LTS-6)
# Java VM: Java HotSpot(TM) 64-Bit Server VM (17.0.3.1+2-LTS-6, mixed mode, sharing, tiered, compressed oops, compressed class ptrs, g1 gc, linux-amd64)
# Problematic frame:
# V  [libjvm.so+0x88c0ea]  jni_CallObjectMethodV+0xaa
#
# Core dump will be written. Default location: Core dumps may be processed with "/usr/share/apport/apport -p%p -s%s -c%c -d%d -P%P -u%u -g%g -- %E" (or dumping to /home/ragib/IdeaProjects/JNIExp/core.8598)
#
# If you would like to submit a bug report, please visit:
#   https://bugreport.java.com/bugreport/crash.jsp
#

---------------  S U M M A R Y ------------

Command Line: -Dfile.encoding=UTF-8 -Duser.country=US -Duser.language=en -Duser.variant com.buggysofts.jniexp.Main

Host: 11th Gen Intel(R) Core(TM) i5-11600K @ 3.90GHz, 12 cores, 31G, Ubuntu 22.04 LTS
Time: Fri Sep  2 19:52:55 2022 +06 elapsed time: 0.049513 seconds (0d 0h 0m 0s)

---------------  T H R E A D  ---------------

Current thread (0x00007fa984023bf0):  JavaThread "main" [_thread_in_vm, id=8600, stack(0x00007fa98b770000,0x00007fa98b870000)]

Stack: [0x00007fa98b770000,0x00007fa98b870000],  sp=0x00007fa98b86e690,  free space=1017k
Native frames: (J=compiled Java code, j=interpreted, Vv=VM code, C=native code)
V  [libjvm.so+0x88c0ea]  jni_CallObjectMethodV+0xaa
C  [libcom_buggysofts_jniexp_ObjArgs.so+0x150f]  JNIEnv_::CallObjectMethod(_jobject*, _jmethodID*, ...)+0xcf
C  [libcom_buggysofts_jniexp_ObjArgs.so+0x135b]  Java_com_buggysofts_jniexp_ObjArgs_getObjStr+0x6c
j  com.buggysofts.jniexp.ObjArgs.getObjStr(Lcom/buggysofts/jniexp/NativePassableObject;)Ljava/lang/String;+0
j  com.buggysofts.jniexp.Main.main([Ljava/lang/String;)V+57
v  ~StubRoutines::call_stub
V  [libjvm.so+0x7f4f65]  JavaCalls::call_helper(JavaValue*, methodHandle const&, JavaCallArguments*, JavaThread*)+0x315
V  [libjvm.so+0x88dc1d]  jni_invoke_static(JNIEnv_*, JavaValue*, _jobject*, JNICallType, _jmethodID*, JNI_ArgumentPusher*, JavaThread*) [clone .constprop.1]+0x38d
V  [libjvm.so+0x890a9e]  jni_CallStaticVoidMethod+0x16e
C  [libjli.so+0x46fe]  JavaMain+0xcfe
C  [libjli.so+0x7ee9]  ThreadJavaMain+0x9

Java frames: (J=compiled Java code, j=interpreted, Vv=VM code)
j  com.buggysofts.jniexp.ObjArgs.getObjStr(Lcom/buggysofts/jniexp/NativePassableObject;)Ljava/lang/String;+0
j  com.buggysofts.jniexp.Main.main([Ljava/lang/String;)V+57
v  ~StubRoutines::call_stub

siginfo: si_signo: 11 (SIGSEGV), si_code: 1 (SEGV_MAPERR), si_addr: 0x0000000000000000

Register to memory mapping:

RAX=0x0 is NULL
RBX=0x00007fa98b86e770 is pointing into the stack for thread: 0x00007fa984023bf0
RCX=0x00007fa98b86e770 is pointing into the stack for thread: 0x00007fa984023bf0
RDX=0x00007fa984024648 points into unknown readable memory: 0x000000062b41e998 | 98 e9 41 2b 06 00 00 00
RSP=0x00007fa98b86e690 is pointing into the stack for thread: 0x00007fa984023bf0
RBP=0x00007fa98b86e730 is pointing into the stack for thread: 0x00007fa984023bf0
RSI=0x00007fa98b86e908 is pointing into the stack for thread: 0x00007fa984023bf0
RDI=0x00007fa984023bf0 is a thread
R8 =0x00007fa98c1e8040: <offset 0x000000000088c040> in /usr/lib/jvm/jdk-17/lib/server/libjvm.so at 0x00007fa98b95c000
R9 =0x00007fa98b86daa0 is pointing into the stack for thread: 0x00007fa984023bf0
R10=0x00007fa98804f460: <offset 0x0000000000000460> in /home/ragib/IdeaProjects/JNIExp/build/libs/libcom_buggysofts_jniexp_ObjArgs.so at 0x00007fa98804f000
R11=0x00007fa988050440: _ZN7JNIEnv_16CallObjectMethodEP8_jobjectP10_jmethodIDz+0x0000000000000000 in /home/ragib/IdeaProjects/JNIExp/build/libs/libcom_buggysofts_jniexp_ObjArgs.so at 0x00007fa98804f000
R12=0x00007fa984023bf0 is a thread
R13=0x0 is NULL
R14=0x00007fa98b86e910 is pointing into the stack for thread: 0x00007fa984023bf0
R15=0x00007fa98b86e908 is pointing into the stack for thread: 0x00007fa984023bf0


Registers:
RAX=0x0000000000000000, RBX=0x00007fa98b86e770, RCX=0x00007fa98b86e770, RDX=0x00007fa984024648
RSP=0x00007fa98b86e690, RBP=0x00007fa98b86e730, RSI=0x00007fa98b86e908, RDI=0x00007fa984023bf0
R8 =0x00007fa98c1e8040, R9 =0x00007fa98b86daa0, R10=0x00007fa98804f460, R11=0x00007fa988050440
R12=0x00007fa984023bf0, R13=0x0000000000000000, R14=0x00007fa98b86e910, R15=0x00007fa98b86e908
RIP=0x00007fa98c1e80ea, EFLAGS=0x0000000000010202, CSGSFS=0x002b000000000033, ERR=0x0000000000000004
  TRAPNO=0x000000000000000e

Top of Stack: (sp=0x00007fa98b86e690)
0x00007fa98b86e690:   0000000000000000 0000000000000000
0x00007fa98b86e6a0:   00007fa984023bf0 00007fa984024640
0x00007fa98b86e6b0:   0000000000000453 00007fa98c85a420
0x00007fa98b86e6c0:   0000000000000000 0000000000000000 

Instructions: (pc=0x00007fa98c1e80ea)
0x00007fa98c1e7fea:   41 5c 41 5d 41 5e 41 5f 5d c3 0f 1f 40 00 31 f6
0x00007fa98c1e7ffa:   4c 89 e7 e8 3e bc 50 00 e9 d1 fe ff ff 66 0f 1f
0x00007fa98c1e800a:   84 00 00 00 00 00 be 01 00 00 00 4c 89 e7 e8 33
0x00007fa98c1e801a:   e4 40 00 e9 96 fe ff ff 66 0f 1f 44 00 00 4c 89
0x00007fa98c1e802a:   e7 45 31 e4 e8 4d 66 50 00 e9 5f fe ff ff 0f 1f
0x00007fa98c1e803a:   84 00 00 00 00 00 55 48 89 e5 41 57 49 89 f7 41
0x00007fa98c1e804a:   56 41 55 49 89 d5 41 54 4c 8d a7 58 fd ff ff 53
0x00007fa98c1e805a:   48 89 cb 48 83 ec 78 41 8b 84 24 60 03 00 00 2d
0x00007fa98c1e806a:   ab de 00 00 83 f8 01 0f 87 91 01 00 00 41 c7 84
0x00007fa98c1e807a:   24 38 03 00 00 05 00 00 00 f0 83 04 24 00 49 8b
0x00007fa98c1e808a:   84 24 40 03 00 00 a8 01 0f 85 58 01 00 00 41 8b
0x00007fa98c1e809a:   84 24 2c 03 00 00 85 c0 0f 85 30 01 00 00 41 8b
0x00007fa98c1e80aa:   84 24 28 03 00 00 a8 0c 0f 85 20 01 00 00 49 83
0x00007fa98c1e80ba:   7c 24 08 00 41 c7 84 24 38 03 00 00 06 00 00 00
0x00007fa98c1e80ca:   4c 89 a5 70 ff ff ff 48 c7 85 78 ff ff ff 00 00
0x00007fa98c1e80da:   00 00 74 0c 48 8d bd 70 ff ff ff e8 b6 01 3b 00
0x00007fa98c1e80ea:   49 8b 75 00 4c 8d 75 90 c7 85 60 ff ff ff 0c 00
0x00007fa98c1e80fa:   00 00 4c 89 f7 e8 3c 13 01 00 4c 89 ea 4d 89 e0
0x00007fa98c1e810a:   4c 89 f1 48 8d 05 7c e1 8a 00 48 8d bd 60 ff ff
0x00007fa98c1e811a:   ff 4c 89 fe 45 31 ed 48 89 45 90 f3 0f 6f 03 0f
0x00007fa98c1e812a:   11 45 b8 48 8b 43 10 48 89 45 c8 e8 d6 dd ff ff
0x00007fa98c1e813a:   49 83 7c 24 08 00 75 07 4c 8b ad 68 ff ff ff 4c
0x00007fa98c1e814a:   89 f7 e8 cf 0d 01 00 48 83 bd 78 ff ff ff 00 74
0x00007fa98c1e815a:   0c 48 8d bd 70 ff ff ff e8 d9 01 3b 00 49 8b 9c
0x00007fa98c1e816a:   24 e8 00 00 00 48 8b 43 10 48 83 38 00 74 0c 48
0x00007fa98c1e817a:   89 df e8 8f 7b ef ff 48 8b 43 10 48 8b 53 08 49
0x00007fa98c1e818a:   8d bc 24 88 02 00 00 4c 89 e6 48 89 42 10 48 8b
0x00007fa98c1e819a:   43 08 48 8b 53 18 48 89 50 18 48 8b 43 08 48 8b
0x00007fa98c1e81aa:   53 20 48 89 50 20 e8 fb c1 e0 ff 41 c7 84 24 38
0x00007fa98c1e81ba:   03 00 00 04 00 00 00 48 83 c4 78 4c 89 e8 5b 41
0x00007fa98c1e81ca:   5c 41 5d 41 5e 41 5f 5d c3 0f 1f 44 00 00 31 f6
0x00007fa98c1e81da:   4c 89 e7 e8 5e ba 50 00 e9 d1 fe ff ff 66 0f 1f 


Stack slot to memory mapping:
stack at sp + 0 slots: 0x0 is NULL
stack at sp + 1 slots: 0x0 is NULL
stack at sp + 2 slots: 0x00007fa984023bf0 is a thread
stack at sp + 3 slots: 0x00007fa984024640 points into unknown readable memory: 0x000000062b41e998 | 98 e9 41 2b 06 00 00 00
stack at sp + 4 slots: 0x0000000000000453 is an unknown value
stack at sp + 5 slots: 0x00007fa98c85a420: <offset 0x0000000000efe420> in /usr/lib/jvm/jdk-17/lib/server/libjvm.so at 0x00007fa98b95c000
stack at sp + 6 slots: 0x0 is NULL
stack at sp + 7 slots: 0x0 is NULL


---------------  P R O C E S S  ---------------

Threads class SMR info:
_java_thread_list=0x00007fa984178a60, length=11, elements={
0x00007fa984023bf0, 0x00007fa984156b50, 0x00007fa984157f30, 0x00007fa98415e160,
0x00007fa98415f510, 0x00007fa984160920, 0x00007fa9841622d0, 0x00007fa984163800,
0x00007fa98416cc60, 0x00007fa984174360, 0x00007fa984177b40
}

Java Threads: ( => current thread )
=>0x00007fa984023bf0 JavaThread "main" [_thread_in_vm, id=8600, stack(0x00007fa98b770000,0x00007fa98b870000)]
  0x00007fa984156b50 JavaThread "Reference Handler" daemon [_thread_blocked, id=8607, stack(0x00007fa95c51c000,0x00007fa95c61c000)]
  0x00007fa984157f30 JavaThread "Finalizer" daemon [_thread_blocked, id=8608, stack(0x00007fa95c41c000,0x00007fa95c51c000)]
  0x00007fa98415e160 JavaThread "Signal Dispatcher" daemon [_thread_blocked, id=8609, stack(0x00007fa95c31c000,0x00007fa95c41c000)]
  0x00007fa98415f510 JavaThread "Service Thread" daemon [_thread_blocked, id=8610, stack(0x00007fa95c21c000,0x00007fa95c31c000)]
  0x00007fa984160920 JavaThread "Monitor Deflation Thread" daemon [_thread_blocked, id=8611, stack(0x00007fa95c11c000,0x00007fa95c21c000)]
  0x00007fa9841622d0 JavaThread "C2 CompilerThread0" daemon [_thread_blocked, id=8612, stack(0x00007fa95c01c000,0x00007fa95c11c000)]
  0x00007fa984163800 JavaThread "C1 CompilerThread0" daemon [_thread_blocked, id=8613, stack(0x00007fa94c8c0000,0x00007fa94c9c0000)]
  0x00007fa98416cc60 JavaThread "Sweeper thread" daemon [_thread_blocked, id=8614, stack(0x00007fa94c7c0000,0x00007fa94c8c0000)]
  0x00007fa984174360 JavaThread "Notification Thread" daemon [_thread_blocked, id=8615, stack(0x00007fa94c6c0000,0x00007fa94c7c0000)]
  0x00007fa984177b40 JavaThread "Common-Cleaner" daemon [_thread_blocked, id=8617, stack(0x00007fa94c4be000,0x00007fa94c5be000)]

Other Threads:
  0x00007fa984152c30 VMThread "VM Thread" [stack: 0x00007fa95c61e000,0x00007fa95c71e000] [id=8606]
  0x00007fa984175de0 WatcherThread [stack: 0x00007fa94c5c0000,0x00007fa94c6c0000] [id=8616]
  0x00007fa984052710 GCTaskThread "GC Thread#0" [stack: 0x00007fa988a02000,0x00007fa988b02000] [id=8601]
  0x00007fa9840636f0 ConcurrentGCThread "G1 Main Marker" [stack: 0x00007fa988900000,0x00007fa988a00000] [id=8602]
  0x00007fa984064650 ConcurrentGCThread "G1 Conc#0" [stack: 0x00007fa9887fe000,0x00007fa9888fe000] [id=8603]
  0x00007fa984121bd0 ConcurrentGCThread "G1 Refine#0" [stack: 0x00007fa95c973000,0x00007fa95ca73000] [id=8604]
  0x00007fa984122ac0 ConcurrentGCThread "G1 Service" [stack: 0x00007fa95c871000,0x00007fa95c971000] [id=8605]

Threads with active compile tasks:

VM state: not at safepoint (normal execution)

VM Mutex/Monitor currently owned by a thread: None

Heap address: 0x000000060c400000, size: 7996 MB, Compressed Oops mode: Zero based, Oop shift amount: 3

CDS archive(s) mapped at: [0x0000000800000000-0x0000000800be0000-0x0000000800be0000), size 12451840, SharedBaseAddress: 0x0000000800000000, ArchiveRelocationMode: 0.
Compressed class space mapped at: 0x0000000800c00000-0x0000000840c00000, reserved size: 1073741824
Narrow klass base: 0x0000000800000000, Narrow klass shift: 0, Narrow klass range: 0x100000000

GC Precious Log:
 CPUs: 12 total, 12 available
 Memory: 31972M
 Large Page Support: Disabled
 NUMA Support: Disabled
 Compressed Oops: Enabled (Zero based)
 Heap Region Size: 4M
 Heap Min Capacity: 8M
 Heap Initial Capacity: 500M
 Heap Max Capacity: 7996M
 Pre-touch: Disabled
 Parallel Workers: 10
 Concurrent Workers: 3
 Concurrent Refinement Workers: 10
 Periodic GC: Disabled

Heap:
 garbage-first heap   total 520192K, used 4068K [0x000000060c400000, 0x0000000800000000)
  region size 4096K, 1 young (4096K), 0 survivors (0K)
 Metaspace       used 90K, committed 320K, reserved 1056768K
  class space    used 6K, committed 128K, reserved 1048576K

Heap Regions: E=young(eden), S=young(survivor), O=old, HS=humongous(starts), HC=humongous(continues), CS=collection set, F=free, OA=open archive, CA=closed archive, TAMS=top-at-mark-start (previous, next)
|   0|0x000000060c400000, 0x000000060c400000, 0x000000060c800000|  0%| F|  |TAMS 0x000000060c400000, 0x000000060c400000| Untracked 
|   1|0x000000060c800000, 0x000000060c800000, 0x000000060cc00000|  0%| F|  |TAMS 0x000000060c800000, 0x000000060c800000| Untracked 
|   2|0x000000060cc00000, 0x000000060cc00000, 0x000000060d000000|  0%| F|  |TAMS 0x000000060cc00000, 0x000000060cc00000| Untracked 
|   3|0x000000060d000000, 0x000000060d000000, 0x000000060d400000|  0%| F|  |TAMS 0x000000060d000000, 0x000000060d000000| Untracked 
|   4|0x000000060d400000, 0x000000060d400000, 0x000000060d800000|  0%| F|  |TAMS 0x000000060d400000, 0x000000060d400000| Untracked 
|   5|0x000000060d800000, 0x000000060d800000, 0x000000060dc00000|  0%| F|  |TAMS 0x000000060d800000, 0x000000060d800000| Untracked 
|   6|0x000000060dc00000, 0x000000060dc00000, 0x000000060e000000|  0%| F|  |TAMS 0x000000060dc00000, 0x000000060dc00000| Untracked 
|   7|0x000000060e000000, 0x000000060e000000, 0x000000060e400000|  0%| F|  |TAMS 0x000000060e000000, 0x000000060e000000| Untracked 
|   8|0x000000060e400000, 0x000000060e400000, 0x000000060e800000|  0%| F|  |TAMS 0x000000060e400000, 0x000000060e400000| Untracked 
|   9|0x000000060e800000, 0x000000060e800000, 0x000000060ec00000|  0%| F|  |TAMS 0x000000060e800000, 0x000000060e800000| Untracked 
|  10|0x000000060ec00000, 0x000000060ec00000, 0x000000060f000000|  0%| F|  |TAMS 0x000000060ec00000, 0x000000060ec00000| Untracked 
|  11|0x000000060f000000, 0x000000060f000000, 0x000000060f400000|  0%| F|  |TAMS 0x000000060f000000, 0x000000060f000000| Untracked 
|  12|0x000000060f400000, 0x000000060f400000, 0x000000060f800000|  0%| F|  |TAMS 0x000000060f400000, 0x000000060f400000| Untracked 
|  13|0x000000060f800000, 0x000000060f800000, 0x000000060fc00000|  0%| F|  |TAMS 0x000000060f800000, 0x000000060f800000| Untracked 
|  14|0x000000060fc00000, 0x000000060fc00000, 0x0000000610000000|  0%| F|  |TAMS 0x000000060fc00000, 0x000000060fc00000| Untracked 
|  15|0x0000000610000000, 0x0000000610000000, 0x0000000610400000|  0%| F|  |TAMS 0x0000000610000000, 0x0000000610000000| Untracked 
|  16|0x0000000610400000, 0x0000000610400000, 0x0000000610800000|  0%| F|  |TAMS 0x0000000610400000, 0x0000000610400000| Untracked 
|  17|0x0000000610800000, 0x0000000610800000, 0x0000000610c00000|  0%| F|  |TAMS 0x0000000610800000, 0x0000000610800000| Untracked 
|  18|0x0000000610c00000, 0x0000000610c00000, 0x0000000611000000|  0%| F|  |TAMS 0x0000000610c00000, 0x0000000610c00000| Untracked 
|  19|0x0000000611000000, 0x0000000611000000, 0x0000000611400000|  0%| F|  |TAMS 0x0000000611000000, 0x0000000611000000| Untracked 
|  20|0x0000000611400000, 0x0000000611400000, 0x0000000611800000|  0%| F|  |TAMS 0x0000000611400000, 0x0000000611400000| Untracked 
|  21|0x0000000611800000, 0x0000000611800000, 0x0000000611c00000|  0%| F|  |TAMS 0x0000000611800000, 0x0000000611800000| Untracked 
|  22|0x0000000611c00000, 0x0000000611c00000, 0x0000000612000000|  0%| F|  |TAMS 0x0000000611c00000, 0x0000000611c00000| Untracked 
|  23|0x0000000612000000, 0x0000000612000000, 0x0000000612400000|  0%| F|  |TAMS 0x0000000612000000, 0x0000000612000000| Untracked 
|  24|0x0000000612400000, 0x0000000612400000, 0x0000000612800000|  0%| F|  |TAMS 0x0000000612400000, 0x0000000612400000| Untracked 
|  25|0x0000000612800000, 0x0000000612800000, 0x0000000612c00000|  0%| F|  |TAMS 0x0000000612800000, 0x0000000612800000| Untracked 
|  26|0x0000000612c00000, 0x0000000612c00000, 0x0000000613000000|  0%| F|  |TAMS 0x0000000612c00000, 0x0000000612c00000| Untracked 
|  27|0x0000000613000000, 0x0000000613000000, 0x0000000613400000|  0%| F|  |TAMS 0x0000000613000000, 0x0000000613000000| Untracked 
|  28|0x0000000613400000, 0x0000000613400000, 0x0000000613800000|  0%| F|  |TAMS 0x0000000613400000, 0x0000000613400000| Untracked 
|  29|0x0000000613800000, 0x0000000613800000, 0x0000000613c00000|  0%| F|  |TAMS 0x0000000613800000, 0x0000000613800000| Untracked 
|  30|0x0000000613c00000, 0x0000000613c00000, 0x0000000614000000|  0%| F|  |TAMS 0x0000000613c00000, 0x0000000613c00000| Untracked 
|  31|0x0000000614000000, 0x0000000614000000, 0x0000000614400000|  0%| F|  |TAMS 0x0000000614000000, 0x0000000614000000| Untracked 
|  32|0x0000000614400000, 0x0000000614400000, 0x0000000614800000|  0%| F|  |TAMS 0x0000000614400000, 0x0000000614400000| Untracked 
|  33|0x0000000614800000, 0x0000000614800000, 0x0000000614c00000|  0%| F|  |TAMS 0x0000000614800000, 0x0000000614800000| Untracked 
|  34|0x0000000614c00000, 0x0000000614c00000, 0x0000000615000000|  0%| F|  |TAMS 0x0000000614c00000, 0x0000000614c00000| Untracked 
|  35|0x0000000615000000, 0x0000000615000000, 0x0000000615400000|  0%| F|  |TAMS 0x0000000615000000, 0x0000000615000000| Untracked 
|  36|0x0000000615400000, 0x0000000615400000, 0x0000000615800000|  0%| F|  |TAMS 0x0000000615400000, 0x0000000615400000| Untracked 
|  37|0x0000000615800000, 0x0000000615800000, 0x0000000615c00000|  0%| F|  |TAMS 0x0000000615800000, 0x0000000615800000| Untracked 
|  38|0x0000000615c00000, 0x0000000615c00000, 0x0000000616000000|  0%| F|  |TAMS 0x0000000615c00000, 0x0000000615c00000| Untracked 
|  39|0x0000000616000000, 0x0000000616000000, 0x0000000616400000|  0%| F|  |TAMS 0x0000000616000000, 0x0000000616000000| Untracked 
|  40|0x0000000616400000, 0x0000000616400000, 0x0000000616800000|  0%| F|  |TAMS 0x0000000616400000, 0x0000000616400000| Untracked 
|  41|0x0000000616800000, 0x0000000616800000, 0x0000000616c00000|  0%| F|  |TAMS 0x0000000616800000, 0x0000000616800000| Untracked 
|  42|0x0000000616c00000, 0x0000000616c00000, 0x0000000617000000|  0%| F|  |TAMS 0x0000000616c00000, 0x0000000616c00000| Untracked 
|  43|0x0000000617000000, 0x0000000617000000, 0x0000000617400000|  0%| F|  |TAMS 0x0000000617000000, 0x0000000617000000| Untracked 
|  44|0x0000000617400000, 0x0000000617400000, 0x0000000617800000|  0%| F|  |TAMS 0x0000000617400000, 0x0000000617400000| Untracked 
|  45|0x0000000617800000, 0x0000000617800000, 0x0000000617c00000|  0%| F|  |TAMS 0x0000000617800000, 0x0000000617800000| Untracked 
|  46|0x0000000617c00000, 0x0000000617c00000, 0x0000000618000000|  0%| F|  |TAMS 0x0000000617c00000, 0x0000000617c00000| Untracked 
|  47|0x0000000618000000, 0x0000000618000000, 0x0000000618400000|  0%| F|  |TAMS 0x0000000618000000, 0x0000000618000000| Untracked 
|  48|0x0000000618400000, 0x0000000618400000, 0x0000000618800000|  0%| F|  |TAMS 0x0000000618400000, 0x0000000618400000| Untracked 
|  49|0x0000000618800000, 0x0000000618800000, 0x0000000618c00000|  0%| F|  |TAMS 0x0000000618800000, 0x0000000618800000| Untracked 
|  50|0x0000000618c00000, 0x0000000618c00000, 0x0000000619000000|  0%| F|  |TAMS 0x0000000618c00000, 0x0000000618c00000| Untracked 
|  51|0x0000000619000000, 0x0000000619000000, 0x0000000619400000|  0%| F|  |TAMS 0x0000000619000000, 0x0000000619000000| Untracked 
|  52|0x0000000619400000, 0x0000000619400000, 0x0000000619800000|  0%| F|  |TAMS 0x0000000619400000, 0x0000000619400000| Untracked 
|  53|0x0000000619800000, 0x0000000619800000, 0x0000000619c00000|  0%| F|  |TAMS 0x0000000619800000, 0x0000000619800000| Untracked 
|  54|0x0000000619c00000, 0x0000000619c00000, 0x000000061a000000|  0%| F|  |TAMS 0x0000000619c00000, 0x0000000619c00000| Untracked 
|  55|0x000000061a000000, 0x000000061a000000, 0x000000061a400000|  0%| F|  |TAMS 0x000000061a000000, 0x000000061a000000| Untracked 
|  56|0x000000061a400000, 0x000000061a400000, 0x000000061a800000|  0%| F|  |TAMS 0x000000061a400000, 0x000000061a400000| Untracked 
|  57|0x000000061a800000, 0x000000061a800000, 0x000000061ac00000|  0%| F|  |TAMS 0x000000061a800000, 0x000000061a800000| Untracked 
|  58|0x000000061ac00000, 0x000000061ac00000, 0x000000061b000000|  0%| F|  |TAMS 0x000000061ac00000, 0x000000061ac00000| Untracked 
|  59|0x000000061b000000, 0x000000061b000000, 0x000000061b400000|  0%| F|  |TAMS 0x000000061b000000, 0x000000061b000000| Untracked 
|  60|0x000000061b400000, 0x000000061b400000, 0x000000061b800000|  0%| F|  |TAMS 0x000000061b400000, 0x000000061b400000| Untracked 
|  61|0x000000061b800000, 0x000000061b800000, 0x000000061bc00000|  0%| F|  |TAMS 0x000000061b800000, 0x000000061b800000| Untracked 
|  62|0x000000061bc00000, 0x000000061bc00000, 0x000000061c000000|  0%| F|  |TAMS 0x000000061bc00000, 0x000000061bc00000| Untracked 
|  63|0x000000061c000000, 0x000000061c000000, 0x000000061c400000|  0%| F|  |TAMS 0x000000061c000000, 0x000000061c000000| Untracked 
|  64|0x000000061c400000, 0x000000061c400000, 0x000000061c800000|  0%| F|  |TAMS 0x000000061c400000, 0x000000061c400000| Untracked 
|  65|0x000000061c800000, 0x000000061c800000, 0x000000061cc00000|  0%| F|  |TAMS 0x000000061c800000, 0x000000061c800000| Untracked 
|  66|0x000000061cc00000, 0x000000061cc00000, 0x000000061d000000|  0%| F|  |TAMS 0x000000061cc00000, 0x000000061cc00000| Untracked 
|  67|0x000000061d000000, 0x000000061d000000, 0x000000061d400000|  0%| F|  |TAMS 0x000000061d000000, 0x000000061d000000| Untracked 
|  68|0x000000061d400000, 0x000000061d400000, 0x000000061d800000|  0%| F|  |TAMS 0x000000061d400000, 0x000000061d400000| Untracked 
|  69|0x000000061d800000, 0x000000061d800000, 0x000000061dc00000|  0%| F|  |TAMS 0x000000061d800000, 0x000000061d800000| Untracked 
|  70|0x000000061dc00000, 0x000000061dc00000, 0x000000061e000000|  0%| F|  |TAMS 0x000000061dc00000, 0x000000061dc00000| Untracked 
|  71|0x000000061e000000, 0x000000061e000000, 0x000000061e400000|  0%| F|  |TAMS 0x000000061e000000, 0x000000061e000000| Untracked 
|  72|0x000000061e400000, 0x000000061e400000, 0x000000061e800000|  0%| F|  |TAMS 0x000000061e400000, 0x000000061e400000| Untracked 
|  73|0x000000061e800000, 0x000000061e800000, 0x000000061ec00000|  0%| F|  |TAMS 0x000000061e800000, 0x000000061e800000| Untracked 
|  74|0x000000061ec00000, 0x000000061ec00000, 0x000000061f000000|  0%| F|  |TAMS 0x000000061ec00000, 0x000000061ec00000| Untracked 
|  75|0x000000061f000000, 0x000000061f000000, 0x000000061f400000|  0%| F|  |TAMS 0x000000061f000000, 0x000000061f000000| Untracked 
|  76|0x000000061f400000, 0x000000061f400000, 0x000000061f800000|  0%| F|  |TAMS 0x000000061f400000, 0x000000061f400000| Untracked 
|  77|0x000000061f800000, 0x000000061f800000, 0x000000061fc00000|  0%| F|  |TAMS 0x000000061f800000, 0x000000061f800000| Untracked 
|  78|0x000000061fc00000, 0x000000061fc00000, 0x0000000620000000|  0%| F|  |TAMS 0x000000061fc00000, 0x000000061fc00000| Untracked 
|  79|0x0000000620000000, 0x0000000620000000, 0x0000000620400000|  0%| F|  |TAMS 0x0000000620000000, 0x0000000620000000| Untracked 
|  80|0x0000000620400000, 0x0000000620400000, 0x0000000620800000|  0%| F|  |TAMS 0x0000000620400000, 0x0000000620400000| Untracked 
|  81|0x0000000620800000, 0x0000000620800000, 0x0000000620c00000|  0%| F|  |TAMS 0x0000000620800000, 0x0000000620800000| Untracked 
|  82|0x0000000620c00000, 0x0000000620c00000, 0x0000000621000000|  0%| F|  |TAMS 0x0000000620c00000, 0x0000000620c00000| Untracked 
|  83|0x0000000621000000, 0x0000000621000000, 0x0000000621400000|  0%| F|  |TAMS 0x0000000621000000, 0x0000000621000000| Untracked 
|  84|0x0000000621400000, 0x0000000621400000, 0x0000000621800000|  0%| F|  |TAMS 0x0000000621400000, 0x0000000621400000| Untracked 
|  85|0x0000000621800000, 0x0000000621800000, 0x0000000621c00000|  0%| F|  |TAMS 0x0000000621800000, 0x0000000621800000| Untracked 
|  86|0x0000000621c00000, 0x0000000621c00000, 0x0000000622000000|  0%| F|  |TAMS 0x0000000621c00000, 0x0000000621c00000| Untracked 
|  87|0x0000000622000000, 0x0000000622000000, 0x0000000622400000|  0%| F|  |TAMS 0x0000000622000000, 0x0000000622000000| Untracked 
|  88|0x0000000622400000, 0x0000000622400000, 0x0000000622800000|  0%| F|  |TAMS 0x0000000622400000, 0x0000000622400000| Untracked 
|  89|0x0000000622800000, 0x0000000622800000, 0x0000000622c00000|  0%| F|  |TAMS 0x0000000622800000, 0x0000000622800000| Untracked 
|  90|0x0000000622c00000, 0x0000000622c00000, 0x0000000623000000|  0%| F|  |TAMS 0x0000000622c00000, 0x0000000622c00000| Untracked 
|  91|0x0000000623000000, 0x0000000623000000, 0x0000000623400000|  0%| F|  |TAMS 0x0000000623000000, 0x0000000623000000| Untracked 
|  92|0x0000000623400000, 0x0000000623400000, 0x0000000623800000|  0%| F|  |TAMS 0x0000000623400000, 0x0000000623400000| Untracked 
|  93|0x0000000623800000, 0x0000000623800000, 0x0000000623c00000|  0%| F|  |TAMS 0x0000000623800000, 0x0000000623800000| Untracked 
|  94|0x0000000623c00000, 0x0000000623c00000, 0x0000000624000000|  0%| F|  |TAMS 0x0000000623c00000, 0x0000000623c00000| Untracked 
|  95|0x0000000624000000, 0x0000000624000000, 0x0000000624400000|  0%| F|  |TAMS 0x0000000624000000, 0x0000000624000000| Untracked 
|  96|0x0000000624400000, 0x0000000624400000, 0x0000000624800000|  0%| F|  |TAMS 0x0000000624400000, 0x0000000624400000| Untracked 
|  97|0x0000000624800000, 0x0000000624800000, 0x0000000624c00000|  0%| F|  |TAMS 0x0000000624800000, 0x0000000624800000| Untracked 
|  98|0x0000000624c00000, 0x0000000624c00000, 0x0000000625000000|  0%| F|  |TAMS 0x0000000624c00000, 0x0000000624c00000| Untracked 
|  99|0x0000000625000000, 0x0000000625000000, 0x0000000625400000|  0%| F|  |TAMS 0x0000000625000000, 0x0000000625000000| Untracked 
| 100|0x0000000625400000, 0x0000000625400000, 0x0000000625800000|  0%| F|  |TAMS 0x0000000625400000, 0x0000000625400000| Untracked 
| 101|0x0000000625800000, 0x0000000625800000, 0x0000000625c00000|  0%| F|  |TAMS 0x0000000625800000, 0x0000000625800000| Untracked 
| 102|0x0000000625c00000, 0x0000000625c00000, 0x0000000626000000|  0%| F|  |TAMS 0x0000000625c00000, 0x0000000625c00000| Untracked 
| 103|0x0000000626000000, 0x0000000626000000, 0x0000000626400000|  0%| F|  |TAMS 0x0000000626000000, 0x0000000626000000| Untracked 
| 104|0x0000000626400000, 0x0000000626400000, 0x0000000626800000|  0%| F|  |TAMS 0x0000000626400000, 0x0000000626400000| Untracked 
| 105|0x0000000626800000, 0x0000000626800000, 0x0000000626c00000|  0%| F|  |TAMS 0x0000000626800000, 0x0000000626800000| Untracked 
| 106|0x0000000626c00000, 0x0000000626c00000, 0x0000000627000000|  0%| F|  |TAMS 0x0000000626c00000, 0x0000000626c00000| Untracked 
| 107|0x0000000627000000, 0x0000000627000000, 0x0000000627400000|  0%| F|  |TAMS 0x0000000627000000, 0x0000000627000000| Untracked 
| 108|0x0000000627400000, 0x0000000627400000, 0x0000000627800000|  0%| F|  |TAMS 0x0000000627400000, 0x0000000627400000| Untracked 
| 109|0x0000000627800000, 0x0000000627800000, 0x0000000627c00000|  0%| F|  |TAMS 0x0000000627800000, 0x0000000627800000| Untracked 
| 110|0x0000000627c00000, 0x0000000627c00000, 0x0000000628000000|  0%| F|  |TAMS 0x0000000627c00000, 0x0000000627c00000| Untracked 
| 111|0x0000000628000000, 0x0000000628000000, 0x0000000628400000|  0%| F|  |TAMS 0x0000000628000000, 0x0000000628000000| Untracked 
| 112|0x0000000628400000, 0x0000000628400000, 0x0000000628800000|  0%| F|  |TAMS 0x0000000628400000, 0x0000000628400000| Untracked 
| 113|0x0000000628800000, 0x0000000628800000, 0x0000000628c00000|  0%| F|  |TAMS 0x0000000628800000, 0x0000000628800000| Untracked 
| 114|0x0000000628c00000, 0x0000000628c00000, 0x0000000629000000|  0%| F|  |TAMS 0x0000000628c00000, 0x0000000628c00000| Untracked 
| 115|0x0000000629000000, 0x0000000629000000, 0x0000000629400000|  0%| F|  |TAMS 0x0000000629000000, 0x0000000629000000| Untracked 
| 116|0x0000000629400000, 0x0000000629400000, 0x0000000629800000|  0%| F|  |TAMS 0x0000000629400000, 0x0000000629400000| Untracked 
| 117|0x0000000629800000, 0x0000000629800000, 0x0000000629c00000|  0%| F|  |TAMS 0x0000000629800000, 0x0000000629800000| Untracked 
| 118|0x0000000629c00000, 0x0000000629c00000, 0x000000062a000000|  0%| F|  |TAMS 0x0000000629c00000, 0x0000000629c00000| Untracked 
| 119|0x000000062a000000, 0x000000062a000000, 0x000000062a400000|  0%| F|  |TAMS 0x000000062a000000, 0x000000062a000000| Untracked 
| 120|0x000000062a400000, 0x000000062a400000, 0x000000062a800000|  0%| F|  |TAMS 0x000000062a400000, 0x000000062a400000| Untracked 
| 121|0x000000062a800000, 0x000000062a800000, 0x000000062ac00000|  0%| F|  |TAMS 0x000000062a800000, 0x000000062a800000| Untracked 
| 122|0x000000062ac00000, 0x000000062ac00000, 0x000000062b000000|  0%| F|  |TAMS 0x000000062ac00000, 0x000000062ac00000| Untracked 
| 123|0x000000062b000000, 0x000000062b000000, 0x000000062b400000|  0%| F|  |TAMS 0x000000062b000000, 0x000000062b000000| Untracked 
| 124|0x000000062b400000, 0x000000062b4f5c40, 0x000000062b800000| 24%| E|  |TAMS 0x000000062b400000, 0x000000062b400000| Complete 
|1997|0x00000007ff800000, 0x00000007ffb76000, 0x00000007ffc00000| 86%|OA|  |TAMS 0x00000007ff800000, 0x00000007ff800000| Untracked 
|1998|0x00000007ffc00000, 0x00000007ffc83000, 0x0000000800000000| 12%|CA|  |TAMS 0x00000007ffc00000, 0x00000007ffc00000| Untracked 

Card table byte_map: [0x00007fa988bc2000,0x00007fa989b60000] _byte_map_base: 0x00007fa985b60000

Marking Bits (Prev, Next): (CMBitMap*) 0x00007fa984053190, (CMBitMap*) 0x00007fa9840531d0
 Prev Bits: [0x00007fa964a66000, 0x00007fa96c756000)
 Next Bits: [0x00007fa95cd76000, 0x00007fa964a66000)

Polling page: 0x00007fa98ce40000

Metaspace:

Usage:
  Non-class:     84.15 KB used.
      Class:      6.34 KB used.
       Both:     90.48 KB used.

Virtual space:
  Non-class space:        8.00 MB reserved,     192.00 KB (  2%) committed,  1 nodes.
      Class space:        1.00 GB reserved,     128.00 KB ( <1%) committed,  1 nodes.
             Both:        1.01 GB reserved,     320.00 KB ( <1%) committed. 

Chunk freelists:
   Non-Class:  3.99 MB
       Class:  3.74 MB
        Both:  7.73 MB

MaxMetaspaceSize: unlimited
CompressedClassSpaceSize: 1.00 GB
Initial GC threshold: 21.00 MB
Current GC threshold: 21.00 MB
CDS: on
MetaspaceReclaimPolicy: balanced
 - commit_granule_bytes: 65536.
 - commit_granule_words: 8192.
 - virtual_space_node_default_size: 1048576.
 - enlarge_chunks_in_place: 1.
 - new_chunks_are_fully_committed: 0.
 - uncommit_free_chunks: 1.
 - use_allocation_guard: 0.
 - handle_deallocations: 1.


Internal statistics:

num_allocs_failed_limit: 0.
num_arena_births: 4.
num_arena_deaths: 0.
num_vsnodes_births: 2.
num_vsnodes_deaths: 0.
num_space_committed: 5.
num_space_uncommitted: 0.
num_chunks_returned_to_freelist: 0.
num_chunks_taken_from_freelist: 7.
num_chunk_merges: 0.
num_chunk_splits: 2.
num_chunks_enlarged: 1.
num_purges: 0.
num_inconsistent_stats: 0.

CodeHeap 'non-profiled nmethods': size=120028Kb used=1Kb max_used=1Kb free=120027Kb
 bounds [0x00007fa9751bd000, 0x00007fa97542d000, 0x00007fa97c6f4000]
CodeHeap 'profiled nmethods': size=120028Kb used=8Kb max_used=8Kb free=120020Kb
 bounds [0x00007fa96dc86000, 0x00007fa96def6000, 0x00007fa9751bd000]
CodeHeap 'non-nmethods': size=5704Kb used=1034Kb max_used=1045Kb free=4669Kb
 bounds [0x00007fa96d6f4000, 0x00007fa96d964000, 0x00007fa96dc86000]
 total_blobs=289 nmethods=8 adapters=196
 compilation: enabled
              stopped_count=0, restarted_count=0
 full_count=0

Compilation events (14 events):
Event: 0.026 Thread 0x00007fa984163800    1       3       java.lang.Object::<init> (1 bytes)
Event: 0.026 Thread 0x00007fa984163800 nmethod 1 0x00007fa96dc86010 code [0x00007fa96dc861a0, 0x00007fa96dc862b0]
Event: 0.027 Thread 0x00007fa984163800    2       3       java.lang.String::hashCode (60 bytes)
Event: 0.027 Thread 0x00007fa984163800 nmethod 2 0x00007fa96dc86390 code [0x00007fa96dc86560, 0x00007fa96dc868b0]
Event: 0.027 Thread 0x00007fa984163800    3       3       java.lang.String::coder (15 bytes)
Event: 0.027 Thread 0x00007fa984163800 nmethod 3 0x00007fa96dc86990 code [0x00007fa96dc86b20, 0x00007fa96dc86c50]
Event: 0.027 Thread 0x00007fa984163800    4       3       java.lang.String::length (11 bytes)
Event: 0.027 Thread 0x00007fa984163800 nmethod 4 0x00007fa96dc86d10 code [0x00007fa96dc86ec0, 0x00007fa96dc87050]
Event: 0.028 Thread 0x00007fa984163800    5       3       java.lang.String::charAt (25 bytes)
Event: 0.028 Thread 0x00007fa984163800 nmethod 5 0x00007fa96dc87110 code [0x00007fa96dc87300, 0x00007fa96dc876d0]
Event: 0.028 Thread 0x00007fa984163800    6       3       java.lang.StringLatin1::charAt (28 bytes)
Event: 0.028 Thread 0x00007fa984163800 nmethod 6 0x00007fa96dc87810 code [0x00007fa96dc879c0, 0x00007fa96dc87bc0]
Event: 0.028 Thread 0x00007fa984163800    7       3       java.lang.String::isLatin1 (19 bytes)
Event: 0.028 Thread 0x00007fa984163800 nmethod 7 0x00007fa96dc87c90 code [0x00007fa96dc87e20, 0x00007fa96dc87f90]

GC Heap History (0 events):
No events

Deoptimization events (0 events):
No events

Classes unloaded (0 events):
No events

Classes redefined (0 events):
No events

Internal exceptions (1 events):
Event: 0.029 Thread 0x00007fa984023bf0 Exception <a 'java/lang/NoSuchMethodError'{0x000000062b41e998}: Lcom/buggysofts/jniexp/NativePassableObject;.getObjStr()Ljava/lang/String;> (0x000000062b41e998) 
thrown [open/src/hotspot/share/prims/jni.cpp, line 1107]

VM Operations (0 events):
No events

Events (20 events):
Event: 0.025 Protecting memory [0x00007fa95c21c000,0x00007fa95c220000] with protection modes 0
Event: 0.025 Thread 0x00007fa984160920 Thread added: 0x00007fa984160920
Event: 0.025 Protecting memory [0x00007fa95c11c000,0x00007fa95c120000] with protection modes 0
Event: 0.025 Thread 0x00007fa9841622d0 Thread added: 0x00007fa9841622d0
Event: 0.025 Protecting memory [0x00007fa95c01c000,0x00007fa95c020000] with protection modes 0
Event: 0.025 Thread 0x00007fa984163800 Thread added: 0x00007fa984163800
Event: 0.025 Protecting memory [0x00007fa94c8c0000,0x00007fa94c8c4000] with protection modes 0
Event: 0.025 Thread 0x00007fa98416cc60 Thread added: 0x00007fa98416cc60
Event: 0.025 Protecting memory [0x00007fa94c7c0000,0x00007fa94c7c4000] with protection modes 0
Event: 0.026 Thread 0x00007fa984174360 Thread added: 0x00007fa984174360
Event: 0.026 Protecting memory [0x00007fa94c6c0000,0x00007fa94c6c4000] with protection modes 0
Event: 0.027 loading class jdk/internal/loader/URLClassPath$FileLoader
Event: 0.027 loading class jdk/internal/loader/URLClassPath$FileLoader done
Event: 0.027 loading class jdk/internal/loader/URLClassPath$FileLoader$1
Event: 0.027 loading class jdk/internal/loader/URLClassPath$FileLoader$1 done
Event: 0.027 Thread 0x00007fa984177b40 Thread added: 0x00007fa984177b40
Event: 0.027 Protecting memory [0x00007fa94c4be000,0x00007fa94c4c2000] with protection modes 0
Event: 0.028 Loaded shared library /home/ragib/IdeaProjects/JNIExp/build/libs/libcom_buggysofts_jniexp_NoArgs.so
Event: 0.028 Loaded shared library /home/ragib/IdeaProjects/JNIExp/build/libs/libcom_buggysofts_jniexp_TwoArgs.so
Event: 0.029 Loaded shared library /home/ragib/IdeaProjects/JNIExp/build/libs/libcom_buggysofts_jniexp_ObjArgs.so


Dynamic libraries:
60c400000-62b800000 rw-p 00000000 00:00 0 
62b800000-7ff800000 ---p 00000000 00:00 0 
7ff800000-7ffb00000 rw-p 00000000 00:00 0 
7ffb00000-7ffb76000 rw-p 00c9c000 103:07 6032743                         /usr/lib/jvm/jdk-17/lib/server/classes.jsa
7ffb76000-7ffc00000 rw-p 00000000 00:00 0 
7ffc00000-7ffc83000 rw-p 00c19000 103:07 6032743                         /usr/lib/jvm/jdk-17/lib/server/classes.jsa
7ffc83000-800000000 rw-p 00000000 00:00 0 
800000000-800458000 rw-p 00001000 103:07 6032743                         /usr/lib/jvm/jdk-17/lib/server/classes.jsa
800458000-800be0000 r--p 00459000 103:07 6032743                         /usr/lib/jvm/jdk-17/lib/server/classes.jsa
800be0000-800c00000 ---p 00000000 00:00 0 
800c00000-800c10000 rw-p 00000000 00:00 0 
800c10000-800c40000 ---p 00000000 00:00 0 
800c40000-800c50000 rw-p 00000000 00:00 0 
800c50000-840c00000 ---p 00000000 00:00 0 
558379c23000-558379c24000 r-xp 00000000 103:07 6033113                   /usr/lib/jvm/jdk-17/bin/java
558379c25000-558379c26000 r--p 00001000 103:07 6033113                   /usr/lib/jvm/jdk-17/bin/java
558379c26000-558379c27000 rw-p 00002000 103:07 6033113                   /usr/lib/jvm/jdk-17/bin/java
55837b3eb000-55837b40c000 rw-p 00000000 00:00 0                          [heap]
7fa910000000-7fa910021000 rw-p 00000000 00:00 0 
7fa910021000-7fa914000000 ---p 00000000 00:00 0 
7fa918000000-7fa918021000 rw-p 00000000 00:00 0 
7fa918021000-7fa91c000000 ---p 00000000 00:00 0 
7fa91c000000-7fa91c021000 rw-p 00000000 00:00 0 
7fa91c021000-7fa920000000 ---p 00000000 00:00 0 
7fa920000000-7fa92002d000 rw-p 00000000 00:00 0 
7fa92002d000-7fa924000000 ---p 00000000 00:00 0 
7fa924000000-7fa924021000 rw-p 00000000 00:00 0 
7fa924021000-7fa928000000 ---p 00000000 00:00 0 
7fa928000000-7fa928021000 rw-p 00000000 00:00 0 
7fa928021000-7fa92c000000 ---p 00000000 00:00 0 
7fa92c000000-7fa92c056000 rw-p 00000000 00:00 0 
7fa92c056000-7fa930000000 ---p 00000000 00:00 0 
7fa930000000-7fa930021000 rw-p 00000000 00:00 0 
7fa930021000-7fa934000000 ---p 00000000 00:00 0 
7fa934000000-7fa934021000 rw-p 00000000 00:00 0 
7fa934021000-7fa938000000 ---p 00000000 00:00 0 
7fa938000000-7fa938021000 rw-p 00000000 00:00 0 
7fa938021000-7fa93c000000 ---p 00000000 00:00 0 
7fa93c000000-7fa93c021000 rw-p 00000000 00:00 0 
7fa93c021000-7fa940000000 ---p 00000000 00:00 0 
7fa940000000-7fa940021000 rw-p 00000000 00:00 0 
7fa940021000-7fa944000000 ---p 00000000 00:00 0 
7fa944000000-7fa944021000 rw-p 00000000 00:00 0 
7fa944021000-7fa948000000 ---p 00000000 00:00 0 
7fa948000000-7fa948021000 rw-p 00000000 00:00 0 
7fa948021000-7fa94c000000 ---p 00000000 00:00 0 
7fa94c110000-7fa94c4be000 rw-p 00000000 00:00 0 
7fa94c4be000-7fa94c4c2000 ---p 00000000 00:00 0 
7fa94c4c2000-7fa94c5be000 rw-p 00000000 00:00 0 
7fa94c5be000-7fa94c5bf000 ---p 00000000 00:00 0 
7fa94c5bf000-7fa94c6c0000 rw-p 00000000 00:00 0 
7fa94c6c0000-7fa94c6c4000 ---p 00000000 00:00 0 
7fa94c6c4000-7fa94c7c0000 rw-p 00000000 00:00 0 
7fa94c7c0000-7fa94c7c4000 ---p 00000000 00:00 0 
7fa94c7c4000-7fa94c8c0000 rw-p 00000000 00:00 0 
7fa94c8c0000-7fa94c8c4000 ---p 00000000 00:00 0 
7fa94c8c4000-7fa94c9c0000 rw-p 00000000 00:00 0 
7fa94c9c0000-7fa94d800000 r--p 00000000 103:07 6034738                   /usr/lib/locale/locale-archive
7fa94d800000-7fa94d820000 rw-p 00000000 00:00 0 
7fa94d820000-7fa94dc00000 ---p 00000000 00:00 0 
7fa94dc00000-7fa94dc10000 rw-p 00000000 00:00 0 
7fa94dc10000-7fa94e000000 ---p 00000000 00:00 0 
7fa94e000000-7fa950000000 rw-p 00000000 00:00 0 
7fa950000000-7fa950021000 rw-p 00000000 00:00 0 
7fa950021000-7fa954000000 ---p 00000000 00:00 0 
7fa954000000-7fa954021000 rw-p 00000000 00:00 0 
7fa954021000-7fa958000000 ---p 00000000 00:00 0 
7fa958000000-7fa958021000 rw-p 00000000 00:00 0 
7fa958021000-7fa95c000000 ---p 00000000 00:00 0 
7fa95c01c000-7fa95c020000 ---p 00000000 00:00 0 
7fa95c020000-7fa95c11c000 rw-p 00000000 00:00 0 
7fa95c11c000-7fa95c120000 ---p 00000000 00:00 0 
7fa95c120000-7fa95c21c000 rw-p 00000000 00:00 0 
7fa95c21c000-7fa95c220000 ---p 00000000 00:00 0 
7fa95c220000-7fa95c31c000 rw-p 00000000 00:00 0 
7fa95c31c000-7fa95c320000 ---p 00000000 00:00 0 
7fa95c320000-7fa95c41c000 rw-p 00000000 00:00 0 
7fa95c41c000-7fa95c420000 ---p 00000000 00:00 0 
7fa95c420000-7fa95c51c000 rw-p 00000000 00:00 0 
7fa95c51c000-7fa95c520000 ---p 00000000 00:00 0 
7fa95c520000-7fa95c61c000 rw-p 00000000 00:00 0 
7fa95c61c000-7fa95c61d000 ---p 00000000 00:00 0 
7fa95c61d000-7fa95c71e000 rw-p 00000000 00:00 0 
7fa95c71e000-7fa95c7ec000 r-xp 00000000 103:07 6032755                   /usr/lib/jvm/jdk-17/lib/libjsvml.so
7fa95c7ec000-7fa95c7ed000 r--p 000cd000 103:07 6032755                   /usr/lib/jvm/jdk-17/lib/libjsvml.so
7fa95c7ed000-7fa95c7ee000 rw-p 000ce000 103:07 6032755                   /usr/lib/jvm/jdk-17/lib/libjsvml.so
7fa95c7ee000-7fa95c86f000 rw-p 00000000 00:00 0 
7fa95c86f000-7fa95c870000 ---p 00000000 00:00 0 
7fa95c870000-7fa95c971000 rw-p 00000000 00:00 0 
7fa95c971000-7fa95c972000 ---p 00000000 00:00 0 
7fa95c972000-7fa95d546000 rw-p 00000000 00:00 0 
7fa95d546000-7fa964a46000 ---p 00000000 00:00 0 
7fa964a46000-7fa965236000 rw-p 00000000 00:00 0 
7fa965236000-7fa96c736000 ---p 00000000 00:00 0 
7fa96c736000-7fa96c850000 rw-p 00000000 00:00 0 
7fa96c850000-7fa96d6f0000 ---p 00000000 00:00 0 
7fa96d6f0000-7fa96d6f4000 rw-p 00000000 00:00 0 
7fa96d6f4000-7fa96d964000 rwxp 00000000 00:00 0 
7fa96d964000-7fa96dc86000 ---p 00000000 00:00 0 
7fa96dc86000-7fa96def6000 rwxp 00000000 00:00 0 
7fa96def6000-7fa9751bd000 ---p 00000000 00:00 0 
7fa9751bd000-7fa97542d000 rwxp 00000000 00:00 0 
7fa97542d000-7fa97c6f4000 ---p 00000000 00:00 0 
7fa97c6f4000-7fa984000000 r--s 00000000 103:07 6032771                   /usr/lib/jvm/jdk-17/lib/modules
7fa984000000-7fa984188000 rw-p 00000000 00:00 0 
7fa984188000-7fa988000000 ---p 00000000 00:00 0 
7fa988048000-7fa98804f000 r--s 00000000 103:07 6688512                   /usr/lib/x86_64-linux-gnu/gconv/gconv-modules.cache
7fa98804f000-7fa988050000 r--p 00000000 103:07 1452162                   /home/ragib/IdeaProjects/JNIExp/build/libs/libcom_buggysofts_jniexp_ObjArgs.so
7fa988050000-7fa988051000 r-xp 00001000 103:07 1452162                   /home/ragib/IdeaProjects/JNIExp/build/libs/libcom_buggysofts_jniexp_ObjArgs.so
7fa988051000-7fa988052000 r--p 00002000 103:07 1452162                   /home/ragib/IdeaProjects/JNIExp/build/libs/libcom_buggysofts_jniexp_ObjArgs.so
7fa988052000-7fa988053000 r--p 00002000 103:07 1452162                   /home/ragib/IdeaProjects/JNIExp/build/libs/libcom_buggysofts_jniexp_ObjArgs.so
7fa988053000-7fa988054000 rw-p 00003000 103:07 1452162                   /home/ragib/IdeaProjects/JNIExp/build/libs/libcom_buggysofts_jniexp_ObjArgs.so
7fa988054000-7fa988055000 r--p 00000000 103:07 1452160                   /home/ragib/IdeaProjects/JNIExp/build/libs/libcom_buggysofts_jniexp_TwoArgs.so
7fa988055000-7fa988056000 r-xp 00001000 103:07 1452160                   /home/ragib/IdeaProjects/JNIExp/build/libs/libcom_buggysofts_jniexp_TwoArgs.so
7fa988056000-7fa988057000 r--p 00002000 103:07 1452160                   /home/ragib/IdeaProjects/JNIExp/build/libs/libcom_buggysofts_jniexp_TwoArgs.so
7fa988057000-7fa988058000 r--p 00002000 103:07 1452160                   /home/ragib/IdeaProjects/JNIExp/build/libs/libcom_buggysofts_jniexp_TwoArgs.so
7fa988058000-7fa988059000 rw-p 00003000 103:07 1452160                   /home/ragib/IdeaProjects/JNIExp/build/libs/libcom_buggysofts_jniexp_TwoArgs.so
7fa988059000-7fa9887fc000 rw-p 00000000 00:00 0 
7fa9887fc000-7fa9887fd000 ---p 00000000 00:00 0 
7fa9887fd000-7fa9888fe000 rw-p 00000000 00:00 0 
7fa9888fe000-7fa9888ff000 ---p 00000000 00:00 0 
7fa9888ff000-7fa988a00000 rw-p 00000000 00:00 0 
7fa988a00000-7fa988a01000 ---p 00000000 00:00 0 
7fa988a01000-7fa988cbc000 rw-p 00000000 00:00 0 
7fa988cbc000-7fa989b5c000 ---p 00000000 00:00 0 
7fa989b5c000-7fa989c5a000 rw-p 00000000 00:00 0 
7fa989c5a000-7fa98aafa000 ---p 00000000 00:00 0 
7fa98aafa000-7fa98b54c000 rw-p 00000000 00:00 0 
7fa98b54c000-7fa98b632000 ---p 00000000 00:00 0 
7fa98b632000-7fa98b637000 rw-p 00000000 00:00 0 
7fa98b637000-7fa98b71d000 ---p 00000000 00:00 0 
7fa98b71d000-7fa98b722000 rw-p 00000000 00:00 0 
7fa98b722000-7fa98b729000 ---p 00000000 00:00 0 
7fa98b729000-7fa98b74d000 r-xp 00000000 103:07 6032751                   /usr/lib/jvm/jdk-17/lib/libjava.so
7fa98b74d000-7fa98b74e000 ---p 00024000 103:07 6032751                   /usr/lib/jvm/jdk-17/lib/libjava.so
7fa98b74e000-7fa98b74f000 r--p 00024000 103:07 6032751                   /usr/lib/jvm/jdk-17/lib/libjava.so
7fa98b74f000-7fa98b750000 rw-p 00025000 103:07 6032751                   /usr/lib/jvm/jdk-17/lib/libjava.so
7fa98b750000-7fa98b751000 rw-p 00000000 00:00 0 
7fa98b751000-7fa98b76c000 r-xp 00000000 103:07 6032758                   /usr/lib/jvm/jdk-17/lib/libjimage.so
7fa98b76c000-7fa98b76d000 ---p 0001b000 103:07 6032758                   /usr/lib/jvm/jdk-17/lib/libjimage.so
7fa98b76d000-7fa98b76f000 r--p 0001b000 103:07 6032758                   /usr/lib/jvm/jdk-17/lib/libjimage.so
7fa98b76f000-7fa98b770000 rw-p 0001d000 103:07 6032758                   /usr/lib/jvm/jdk-17/lib/libjimage.so
7fa98b770000-7fa98b774000 ---p 00000000 00:00 0 
7fa98b774000-7fa98b870000 rw-p 00000000 00:00 0 
7fa98b870000-7fa98b87e000 r--p 00000000 103:07 6036435                   /usr/lib/x86_64-linux-gnu/libm.so.6
7fa98b87e000-7fa98b8fa000 r-xp 0000e000 103:07 6036435                   /usr/lib/x86_64-linux-gnu/libm.so.6
7fa98b8fa000-7fa98b955000 r--p 0008a000 103:07 6036435                   /usr/lib/x86_64-linux-gnu/libm.so.6
7fa98b955000-7fa98b956000 r--p 000e4000 103:07 6036435                   /usr/lib/x86_64-linux-gnu/libm.so.6
7fa98b956000-7fa98b957000 rw-p 000e5000 103:07 6036435                   /usr/lib/x86_64-linux-gnu/libm.so.6
7fa98b957000-7fa98b958000 r--p 00000000 103:07 6036760                   /usr/lib/x86_64-linux-gnu/librt.so.1
7fa98b958000-7fa98b959000 r-xp 00001000 103:07 6036760                   /usr/lib/x86_64-linux-gnu/librt.so.1
7fa98b959000-7fa98b95a000 r--p 00002000 103:07 6036760                   /usr/lib/x86_64-linux-gnu/librt.so.1
7fa98b95a000-7fa98b95b000 r--p 00002000 103:07 6036760                   /usr/lib/x86_64-linux-gnu/librt.so.1
7fa98b95b000-7fa98b95c000 rw-p 00003000 103:07 6036760                   /usr/lib/x86_64-linux-gnu/librt.so.1
7fa98b95c000-7fa98ca88000 r-xp 00000000 103:07 6032746                   /usr/lib/jvm/jdk-17/lib/server/libjvm.so
7fa98ca88000-7fa98ca89000 ---p 0112c000 103:07 6032746                   /usr/lib/jvm/jdk-17/lib/server/libjvm.so
7fa98ca89000-7fa98cb3e000 r--p 0112c000 103:07 6032746                   /usr/lib/jvm/jdk-17/lib/server/libjvm.so
7fa98cb3e000-7fa98cb71000 rw-p 011e1000 103:07 6032746                   /usr/lib/jvm/jdk-17/lib/server/libjvm.so
7fa98cb71000-7fa98cbd0000 rw-p 00000000 00:00 0 
7fa98cbd0000-7fa98cbf8000 r--p 00000000 103:07 6035784                   /usr/lib/x86_64-linux-gnu/libc.so.6
7fa98cbf8000-7fa98cd8d000 r-xp 00028000 103:07 6035784                   /usr/lib/x86_64-linux-gnu/libc.so.6
7fa98cd8d000-7fa98cde5000 r--p 001bd000 103:07 6035784                   /usr/lib/x86_64-linux-gnu/libc.so.6
7fa98cde5000-7fa98cde9000 r--p 00214000 103:07 6035784                   /usr/lib/x86_64-linux-gnu/libc.so.6
7fa98cde9000-7fa98cdeb000 rw-p 00218000 103:07 6035784                   /usr/lib/x86_64-linux-gnu/libc.so.6
7fa98cdeb000-7fa98cdf8000 rw-p 00000000 00:00 0 
7fa98cdf8000-7fa98cdf9000 r--p 00000000 103:07 6035926                   /usr/lib/x86_64-linux-gnu/libdl.so.2
7fa98cdf9000-7fa98cdfa000 r-xp 00001000 103:07 6035926                   /usr/lib/x86_64-linux-gnu/libdl.so.2
7fa98cdfa000-7fa98cdfb000 r--p 00002000 103:07 6035926                   /usr/lib/x86_64-linux-gnu/libdl.so.2
7fa98cdfb000-7fa98cdfc000 r--p 00002000 103:07 6035926                   /usr/lib/x86_64-linux-gnu/libdl.so.2
7fa98cdfc000-7fa98cdfd000 rw-p 00003000 103:07 6035926                   /usr/lib/x86_64-linux-gnu/libdl.so.2
7fa98cdfd000-7fa98cdfe000 r--p 00000000 103:07 6036704                   /usr/lib/x86_64-linux-gnu/libpthread.so.0
7fa98cdfe000-7fa98cdff000 r-xp 00001000 103:07 6036704                   /usr/lib/x86_64-linux-gnu/libpthread.so.0
7fa98cdff000-7fa98ce00000 r--p 00002000 103:07 6036704                   /usr/lib/x86_64-linux-gnu/libpthread.so.0
7fa98ce00000-7fa98ce01000 r--p 00002000 103:07 6036704                   /usr/lib/x86_64-linux-gnu/libpthread.so.0
7fa98ce01000-7fa98ce02000 rw-p 00003000 103:07 6036704                   /usr/lib/x86_64-linux-gnu/libpthread.so.0
7fa98ce02000-7fa98ce11000 r-xp 00000000 103:07 6032734                   /usr/lib/jvm/jdk-17/lib/libjli.so
7fa98ce11000-7fa98ce12000 r--p 0000e000 103:07 6032734                   /usr/lib/jvm/jdk-17/lib/libjli.so
7fa98ce12000-7fa98ce13000 rw-p 0000f000 103:07 6032734                   /usr/lib/jvm/jdk-17/lib/libjli.so
7fa98ce13000-7fa98ce15000 r--p 00000000 103:07 6037137                   /usr/lib/x86_64-linux-gnu/libz.so.1.2.11
7fa98ce15000-7fa98ce26000 r-xp 00002000 103:07 6037137                   /usr/lib/x86_64-linux-gnu/libz.so.1.2.11
7fa98ce26000-7fa98ce2c000 r--p 00013000 103:07 6037137                   /usr/lib/x86_64-linux-gnu/libz.so.1.2.11
7fa98ce2c000-7fa98ce2d000 ---p 00019000 103:07 6037137                   /usr/lib/x86_64-linux-gnu/libz.so.1.2.11
7fa98ce2d000-7fa98ce2e000 r--p 00019000 103:07 6037137                   /usr/lib/x86_64-linux-gnu/libz.so.1.2.11
7fa98ce2e000-7fa98ce2f000 rw-p 0001a000 103:07 6037137                   /usr/lib/x86_64-linux-gnu/libz.so.1.2.11
7fa98ce33000-7fa98ce34000 r--p 00000000 103:07 1452092                   /home/ragib/IdeaProjects/JNIExp/build/libs/libcom_buggysofts_jniexp_NoArgs.so
7fa98ce34000-7fa98ce35000 r-xp 00001000 103:07 1452092                   /home/ragib/IdeaProjects/JNIExp/build/libs/libcom_buggysofts_jniexp_NoArgs.so
7fa98ce35000-7fa98ce36000 r--p 00002000 103:07 1452092                   /home/ragib/IdeaProjects/JNIExp/build/libs/libcom_buggysofts_jniexp_NoArgs.so
7fa98ce36000-7fa98ce37000 r--p 00002000 103:07 1452092                   /home/ragib/IdeaProjects/JNIExp/build/libs/libcom_buggysofts_jniexp_NoArgs.so
7fa98ce37000-7fa98ce38000 rw-p 00003000 103:07 1452092                   /home/ragib/IdeaProjects/JNIExp/build/libs/libcom_buggysofts_jniexp_NoArgs.so
7fa98ce38000-7fa98ce40000 rw-s 00000000 103:07 8522499                   /tmp/hsperfdata_ragib/8598
7fa98ce40000-7fa98ce41000 ---p 00000000 00:00 0 
7fa98ce41000-7fa98ce42000 r--p 00000000 00:00 0 
7fa98ce42000-7fa98ce44000 rw-p 00000000 00:00 0 
7fa98ce44000-7fa98ce46000 r--p 00000000 103:07 6035447                   /usr/lib/x86_64-linux-gnu/ld-linux-x86-64.so.2
7fa98ce46000-7fa98ce70000 r-xp 00002000 103:07 6035447                   /usr/lib/x86_64-linux-gnu/ld-linux-x86-64.so.2
7fa98ce70000-7fa98ce7b000 r--p 0002c000 103:07 6035447                   /usr/lib/x86_64-linux-gnu/ld-linux-x86-64.so.2
7fa98ce7b000-7fa98ce7c000 ---p 00000000 00:00 0 
7fa98ce7c000-7fa98ce7e000 r--p 00037000 103:07 6035447                   /usr/lib/x86_64-linux-gnu/ld-linux-x86-64.so.2
7fa98ce7e000-7fa98ce80000 rw-p 00039000 103:07 6035447                   /usr/lib/x86_64-linux-gnu/ld-linux-x86-64.so.2
7ffcf9327000-7ffcf9348000 rw-p 00000000 00:00 0                          [stack]
7ffcf93df000-7ffcf93e3000 r--p 00000000 00:00 0                          [vvar]
7ffcf93e3000-7ffcf93e5000 r-xp 00000000 00:00 0                          [vdso]
ffffffffff600000-ffffffffff601000 --xp 00000000 00:00 0                  [vsyscall]


VM Arguments:
jvm_args: -Dfile.encoding=UTF-8 -Duser.country=US -Duser.language=en -Duser.variant 
java_command: com.buggysofts.jniexp.Main
java_class_path (initial): /home/ragib/IdeaProjects/JNIExp/build/classes/java/main:/home/ragib/IdeaProjects/JNIExp/build/resources/main
Launcher Type: SUN_STANDARD

[Global flags]
     intx CICompilerCount                          = 4                                         {product} {ergonomic}
     uint ConcGCThreads                            = 3                                         {product} {ergonomic}
     uint G1ConcRefinementThreads                  = 10                                        {product} {ergonomic}
   size_t G1HeapRegionSize                         = 4194304                                   {product} {ergonomic}
    uintx GCDrainStackTargetSize                   = 64                                        {product} {ergonomic}
   size_t InitialHeapSize                          = 524288000                                 {product} {ergonomic}
   size_t MarkStackSize                            = 4194304                                   {product} {ergonomic}
   size_t MaxHeapSize                              = 8384413696                                {product} {ergonomic}
   size_t MaxNewSize                               = 5028970496                                {product} {ergonomic}
   size_t MinHeapDeltaBytes                        = 4194304                                   {product} {ergonomic}
   size_t MinHeapSize                              = 8388608                                   {product} {ergonomic}
    uintx NonNMethodCodeHeapSize                   = 5839372                                {pd product} {ergonomic}
    uintx NonProfiledCodeHeapSize                  = 122909434                              {pd product} {ergonomic}
    uintx ProfiledCodeHeapSize                     = 122909434                              {pd product} {ergonomic}
    uintx ReservedCodeCacheSize                    = 251658240                              {pd product} {ergonomic}
     bool SegmentedCodeCache                       = true                                      {product} {ergonomic}
   size_t SoftMaxHeapSize                          = 8384413696                             {manageable} {ergonomic}
     bool UseCompressedClassPointers               = true                           {product lp64_product} {ergonomic}
     bool UseCompressedOops                        = true                           {product lp64_product} {ergonomic}
     bool UseG1GC                                  = true                                      {product} {ergonomic}

Logging:
Log output configuration:
 #0: stdout all=warning uptime,level,tags
 #1: stderr all=off uptime,level,tags

Environment Variables:
JAVA_HOME=/usr/lib/jvm/jdk-17
PATH=/usr/lib/jvm/jdk-17/bin:/usr/local/sbin:/usr/local/bin:/usr/sbin:/usr/bin:/sbin:/bin:/usr/games:/usr/local/games:/snap/bin:/snap/bin
USERNAME=ragib
SHELL=/bin/bash
DISPLAY=:1
LANG=en_US.UTF-8

Signal Handlers:
   SIGSEGV: crash_handler in libjvm.so, mask=11100100010111111101111111111110, flags=SA_RESTART|SA_SIGINFO
    SIGBUS: crash_handler in libjvm.so, mask=11100100010111111101111111111110, flags=SA_RESTART|SA_SIGINFO
    SIGFPE: crash_handler in libjvm.so, mask=11100100010111111101111111111110, flags=SA_RESTART|SA_SIGINFO
   SIGPIPE: javaSignalHandler in libjvm.so, mask=11100100010111111101111111111110, flags=SA_RESTART|SA_SIGINFO
   SIGXFSZ: javaSignalHandler in libjvm.so, mask=11100100010111111101111111111110, flags=SA_RESTART|SA_SIGINFO
    SIGILL: crash_handler in libjvm.so, mask=11100100010111111101111111111110, flags=SA_RESTART|SA_SIGINFO
   SIGUSR2: SR_handler in libjvm.so, mask=00100000000000000000000000000000, flags=SA_RESTART|SA_SIGINFO
    SIGHUP: UserHandler in libjvm.so, mask=11100100010111111101111111111110, flags=SA_RESTART|SA_SIGINFO
    SIGINT: UserHandler in libjvm.so, mask=11100100010111111101111111111110, flags=SA_RESTART|SA_SIGINFO
   SIGTERM: UserHandler in libjvm.so, mask=11100100010111111101111111111110, flags=SA_RESTART|SA_SIGINFO
   SIGQUIT: UserHandler in libjvm.so, mask=11100100010111111101111111111110, flags=SA_RESTART|SA_SIGINFO
   SIGTRAP: crash_handler in libjvm.so, mask=11100100010111111101111111111110, flags=SA_RESTART|SA_SIGINFO


---------------  S Y S T E M  ---------------

OS:
DISTRIB_ID=Ubuntu
DISTRIB_RELEASE=22.04
DISTRIB_CODENAME=jammy
DISTRIB_DESCRIPTION="Ubuntu 22.04 LTS"
uname: Linux 5.15.0-47-generic #51-Ubuntu SMP Thu Aug 11 07:51:15 UTC 2022 x86_64
OS uptime: 0 days 0:28 hours
libc: glibc 2.35 NPTL 2.35 
rlimit (soft/hard): STACK 8192k/infinity , CORE 0k/infinity , NPROC 127614/127614 , NOFILE 1048576/1048576 , AS infinity/infinity , CPU infinity/infinity , DATA infinity/infinity , FSIZE infinity/infinity , MEMLOCK 4092496k/4092496k
load average: 1.23 1.43 1.15

/proc/meminfo:
MemTotal:       32739988 kB
MemFree:        21310632 kB
MemAvailable:   26001652 kB
Buffers:          235656 kB
Cached:          4810620 kB
SwapCached:            0 kB
Active:          1828860 kB
Inactive:        8824896 kB
Active(anon):       4756 kB
Inactive(anon):  5699200 kB
Active(file):    1824104 kB
Inactive(file):  3125696 kB
Unevictable:          16 kB
Mlocked:              16 kB
SwapTotal:       2097148 kB
SwapFree:        2097148 kB
Dirty:               540 kB
Writeback:             0 kB
AnonPages:       5607684 kB
Mapped:          1238772 kB
Shmem:            109856 kB
KReclaimable:     214440 kB
Slab:             385452 kB
SReclaimable:     214440 kB
SUnreclaim:       171012 kB
KernelStack:       20132 kB
PageTables:        48708 kB
NFS_Unstable:          0 kB
Bounce:                0 kB
WritebackTmp:          0 kB
CommitLimit:    18467140 kB
Committed_AS:   14250396 kB
VmallocTotal:   34359738367 kB
VmallocUsed:       99520 kB
VmallocChunk:          0 kB
Percpu:            19456 kB
HardwareCorrupted:     0 kB
AnonHugePages:      2048 kB
ShmemHugePages:        0 kB
ShmemPmdMapped:        0 kB
FileHugePages:         0 kB
FilePmdMapped:         0 kB
HugePages_Total:       0
HugePages_Free:        0
HugePages_Rsvd:        0
HugePages_Surp:        0
Hugepagesize:       2048 kB
Hugetlb:               0 kB
DirectMap4k:      587228 kB
DirectMap2M:     9764864 kB
DirectMap1G:    25165824 kB

/sys/kernel/mm/transparent_hugepage/enabled: always [madvise] never
/sys/kernel/mm/transparent_hugepage/defrag (defrag/compaction efforts parameter): always defer defer+madvise [madvise] never

Process Memory:
Virtual Size: 11228492K (peak: 11290172K)
Resident Set Size: 37512K (peak: 37512K) (anon: 13348K, file: 24164K, shmem: 0K)
Swapped out: 0K
C-Heap outstanding allocations: 2234K

/proc/sys/kernel/threads-max (system-wide limit on the number of threads): 255229
/proc/sys/vm/max_map_count (maximum number of memory map areas a process may have): 65530
/proc/sys/kernel/pid_max (system-wide limit on number of process identifiers): 4194304

container (cgroup) information:
container_type: cgroupv2
cpu_cpuset_cpus: not supported
cpu_memory_nodes: not supported
active_processor_count: 12
cpu_quota: not supported
cpu_period: not supported
cpu_shares: not supported
memory_limit_in_bytes: unlimited
memory_and_swap_limit_in_bytes: unlimited
memory_soft_limit_in_bytes: unlimited
memory_usage_in_bytes: 4865380352
memory_max_usage_in_bytes: not supported
maximum number of tasks: 38284
current number of tasks: 259

Steal ticks since vm start: 0
Steal ticks percentage since vm start:  0.000

CPU: total 12 (initial active 12) (6 cores per cpu, 2 threads per core) family 6 model 167 stepping 1 microcode 0x53, cx8, cmov, fxsr, ht, mmx, 3dnowpref, sse, sse2, sse3, ssse3, sse4.1, sse4.2, popcnt, lzcnt, tsc, tscinvbit, avx, avx2, aes, erms, clmul, bmi1, bmi2, adx, avx512f, avx512dq, avx512cd, avx512bw, avx512vl, sha, fma, vzeroupper, avx512_vpopcntdq, avx512_vpclmulqdq, avx512_vaes, avx512_vnni, clflush, clflushopt, avx512_vbmi2, avx512_vbmi
CPU Model and flags from /proc/cpuinfo:
model name	: 11th Gen Intel(R) Core(TM) i5-11600K @ 3.90GHz
flags		: fpu vme de pse tsc msr pae mce cx8 apic sep mtrr pge mca cmov pat pse36 clflush dts acpi mmx fxsr sse sse2 ss ht tm pbe syscall nx pdpe1gb rdtscp lm constant_tsc art arch_perfmon pebs bts rep_good nopl xtopology nonstop_tsc cpuid aperfmperf tsc_known_freq pni pclmulqdq dtes64 monitor ds_cpl vmx smx est tm2 ssse3 sdbg fma cx16 xtpr pdcm pcid sse4_1 sse4_2 x2apic movbe popcnt tsc_deadline_timer aes xsave avx f16c rdrand lahf_lm abm 3dnowprefetch cpuid_fault invpcid_single ssbd ibrs ibpb stibp ibrs_enhanced tpr_shadow vnmi flexpriority ept vpid ept_ad fsgsbase tsc_adjust bmi1 avx2 smep bmi2 erms invpcid mpx avx512f avx512dq rdseed adx smap avx512ifma clflushopt intel_pt avx512cd sha_ni avx512bw avx512vl xsaveopt xsavec xgetbv1 xsaves dtherm ida arat pln pts hwp hwp_notify hwp_act_window hwp_epp hwp_pkg_req avx512vbmi umip pku ospke avx512_vbmi2 gfni vaes vpclmulqdq avx512_vnni avx512_bitalg avx512_vpopcntdq rdpid fsrm md_clear flush_l1d arch_capabilities

Online cpus: 0-11
Offline cpus: 
BIOS frequency limitation: <Not Available>
Frequency switch latency (ns): 0
Available cpu frequencies: <Not Available>
Current governor: powersave
Core performance/turbo boost: <Not Available>

Memory: 4k page, physical 32739988k(21310632k free), swap 2097148k(2097148k free)
Page Sizes: 4k

vm_info: Java HotSpot(TM) 64-Bit Server VM (17.0.3.1+2-LTS-6) for linux-amd64 JRE (17.0.3.1+2-LTS-6), built on Apr 25 2022 20:44:52 by "mach5one" with gcc 10.3.0

END.
